<?xml version="1.0" encoding="UTF-8"?>
<!-- Generated by org.testng.reporters.JUnitXMLReporter -->
<testsuite hostname="tangw79" ignored="2" name="Bank System" tests="2" failures="0" timestamp="15 Jun 2018 17:55:27 GMT" time="0.147" errors="0">
  <testcase name="Demo" time="0.037" classname="testNG.BasicTestNGSample"/>
  <testcase name="customerLogin" time="0.006" classname="testNG.BankSystem"/>
  <testcase name="Customers" time="0.0" classname="testNG.BasicTestNGSample">
    <ignored/>
  </testcase> <!-- Customers -->
  <testcase name="Partners" time="0.0" classname="testNG.BasicTestNGSample">
    <ignored/>
  </testcase> <!-- Partners -->
</testsuite> <!-- Bank System -->
