<?xml version="1.0" encoding="UTF-8"?>
<!-- Generated by org.testng.reporters.JUnitXMLReporter -->
<testsuite hostname="tangw79" ignored="1" name="Bank System" tests="3" failures="0" timestamp="15 Jun 2018 16:59:06 GMT" time="0.09" errors="0">
  <testcase name="Demo" time="0.03" classname="testNG.BasicTestNGSample"/>
  <testcase name="Partners" time="0.004" classname="testNG.BasicTestNGSample"/>
  <testcase name="customerLogin" time="0.004" classname="testNG.BankSystem"/>
  <testcase name="Customers" time="0.0" classname="testNG.BasicTestNGSample">
    <ignored/>
  </testcase> <!-- Customers -->
</testsuite> <!-- Bank System -->
