<?xml version="1.0" encoding="UTF-8"?>
<!-- Generated by org.testng.reporters.JUnitXMLReporter -->
<testsuite hostname="tangw79" ignored="0" name="Test" tests="4" failures="0" timestamp="15 Jun 2018 16:42:39 GMT" time="0.105" errors="0">
  <testcase name="Customers" time="0.034" classname="testNG.BasicTestNGSample"/>
  <testcase name="Demo" time="0.002" classname="testNG.BasicTestNGSample"/>
  <testcase name="Partners" time="0.004" classname="testNG.BasicTestNGSample"/>
  <testcase name="customerLogin" time="0.004" classname="testNG.BankSystem"/>
</testsuite> <!-- Test -->
